<?xml version="1.0" encoding="UTF-8"?>
<testsuite name="models.MorseCodeChartTest" tests="2" skipped="0" failures="0" errors="0" timestamp="2021-03-04T14:50:21" hostname="DESKTOP-V0NHSAN" time="0.042">
  <properties/>
  <testcase name="morseChartContainsTest()" classname="models.MorseCodeChartTest" time="0.036"/>
  <testcase name="morseChartTest()" classname="models.MorseCodeChartTest" time="0.004"/>
  <system-out><![CDATA[]]></system-out>
  <system-err><![CDATA[]]></system-err>
</testsuite>
